0 info it worked if it ends with ok
1 verbose cli [ 'node', '/usr/local/bin/npm', 'install', 'sails', '-g' ]
2 info using npm@2.5.1
3 info using node@v0.12.1
4 silly cache add args [ 'sails', null ]
5 verbose cache add spec sails
6 silly cache add parsed spec { raw: 'sails',
6 silly cache add   scope: null,
6 silly cache add   name: 'sails',
6 silly cache add   rawSpec: '',
6 silly cache add   spec: '*',
6 silly cache add   type: 'range' }
7 verbose addNamed sails@*
8 silly addNamed semver.valid null
9 silly addNamed semver.validRange *
10 silly addNameRange { name: 'sails', range: '*', hasData: false }
11 silly mapToRegistry name sails
12 silly mapToRegistry using default registry
13 silly mapToRegistry registry https://registry.npmjs.org/
14 silly mapToRegistry uri https://registry.npmjs.org/sails
15 verbose addNameRange registry:https://registry.npmjs.org/sails not in flight; fetching
16 verbose request uri https://registry.npmjs.org/sails
17 verbose request no auth needed
18 info attempt registry request try #1 at 1:53:31 AM
19 verbose request id 9389a1891741c7f3
20 http request GET https://registry.npmjs.org/sails
21 http 200 https://registry.npmjs.org/sails
22 silly get cb [ 200,
22 silly get   { date: 'Mon, 27 Apr 2015 20:53:32 GMT',
22 silly get     server: 'CouchDB/1.5.0 (Erlang OTP/R16B03)',
22 silly get     etag: '"8CAY43FHVSF2ZT0EEFCUL7MRH"',
22 silly get     'content-type': 'application/json',
22 silly get     'cache-control': 'max-age=60',
22 silly get     'content-length': '226730',
22 silly get     'accept-ranges': 'bytes',
22 silly get     via: '1.1 varnish',
22 silly get     age: '0',
22 silly get     'x-served-by': 'cache-fra1248-FRA',
22 silly get     'x-cache': 'HIT',
22 silly get     'x-cache-hits': '1',
22 silly get     'x-timer': 'S1430168012.647453,VS0,VE107',
22 silly get     vary: 'Accept',
22 silly get     'keep-alive': 'timeout=10, max=50',
22 silly get     connection: 'Keep-Alive' } ]
23 verbose get saving sails to /Users/muhammadfazilqureshi/.npm/registry.npmjs.org/sails/.cache.json
24 silly addNameRange number 2 { name: 'sails', range: '*', hasData: true }
25 silly addNameRange versions [ 'sails',
25 silly addNameRange   [ '0.0.0',
25 silly addNameRange     '0.0.0-2',
25 silly addNameRange     '0.7.0',
25 silly addNameRange     '0.7.0-2',
25 silly addNameRange     '0.7.0-3',
25 silly addNameRange     '0.7.0-4',
25 silly addNameRange     '0.7.0-5',
25 silly addNameRange     '0.0.0-1',
25 silly addNameRange     '0.7.0-6',
25 silly addNameRange     '0.7.0-7',
25 silly addNameRange     '0.7.0-8',
25 silly addNameRange     '0.7.1',
25 silly addNameRange     '0.7.2',
25 silly addNameRange     '0.7.3',
25 silly addNameRange     '0.7.4',
25 silly addNameRange     '0.7.4-1',
25 silly addNameRange     '0.7.5-0',
25 silly addNameRange     '0.7.6-0',
25 silly addNameRange     '0.7.7',
25 silly addNameRange     '0.7.8',
25 silly addNameRange     '0.7.9',
25 silly addNameRange     '0.8.0',
25 silly addNameRange     '0.8.1',
25 silly addNameRange     '0.8.2',
25 silly addNameRange     '0.8.3',
25 silly addNameRange     '0.8.4',
25 silly addNameRange     '0.8.5',
25 silly addNameRange     '0.8.6',
25 silly addNameRange     '0.8.7',
25 silly addNameRange     '0.8.71',
25 silly addNameRange     '0.8.72',
25 silly addNameRange     '0.8.73',
25 silly addNameRange     '0.8.74',
25 silly addNameRange     '0.8.75',
25 silly addNameRange     '0.8.76',
25 silly addNameRange     '0.8.77',
25 silly addNameRange     '0.8.78',
25 silly addNameRange     '0.8.79',
25 silly addNameRange     '0.8.80',
25 silly addNameRange     '0.8.81',
25 silly addNameRange     '0.8.82',
25 silly addNameRange     '0.8.83',
25 silly addNameRange     '0.8.84',
25 silly addNameRange     '0.8.85',
25 silly addNameRange     '0.8.86',
25 silly addNameRange     '0.8.87',
25 silly addNameRange     '0.8.88',
25 silly addNameRange     '0.8.89',
25 silly addNameRange     '0.8.89-1',
25 silly addNameRange     '0.8.892',
25 silly addNameRange     '0.8.894',
25 silly addNameRange     '0.8.895',
25 silly addNameRange     '0.8.9',
25 silly addNameRange     '0.8.91',
25 silly addNameRange     '0.8.92',
25 silly addNameRange     '0.8.93',
25 silly addNameRange     '0.8.94',
25 silly addNameRange     '0.9.0',
25 silly addNameRange     '0.9.1',
25 silly addNameRange     '0.9.2',
25 silly addNameRange     '0.9.3',
25 silly addNameRange     '0.9.4',
25 silly addNameRange     '0.9.5',
25 silly addNameRange     '0.9.7',
25 silly addNameRange     '0.9.8',
25 silly addNameRange     '0.9.9',
25 silly addNameRange     '0.10.0-rc1',
25 silly addNameRange     '0.10.0-rc2',
25 silly addNameRange     '0.10.0-rc3',
25 silly addNameRange     '0.9.11',
25 silly addNameRange     '0.10.0-rc4',
25 silly addNameRange     '0.9.12',
25 silly addNameRange     '0.9.13',
25 silly addNameRange     '0.9.15',
25 silly addNameRange     '0.9.16',
25 silly addNameRange     '0.10.0-rc5',
25 silly addNameRange     '0.10.0-rc6',
25 silly addNameRange     '0.10.0-rc7',
25 silly addNameRange     '0.10.0-rc8',
25 silly addNameRange     '0.9.17',
25 silly addNameRange     '0.10.0-rc9',
25 silly addNameRange     '0.10.0-max',
25 silly addNameRange     '0.10.0-rc10',
25 silly addNameRange     '0.10.0-rc11',
25 silly addNameRange     '0.10.1',
25 silly addNameRange     '0.10.2',
25 silly addNameRange     '0.10.3',
25 silly addNameRange     '0.10.4',
25 silly addNameRange     '0.10.5',
25 silly addNameRange     '0.11.0-rc2',
25 silly addNameRange     '0.11.0-rc3',
25 silly addNameRange     '0.11.0-rc4',
25 silly addNameRange     '0.11.0-rc5',
25 silly addNameRange     '0.11.0-rc6',
25 silly addNameRange     '0.11.0-rc7',
25 silly addNameRange     '0.11.0-rc8',
25 silly addNameRange     '0.11.0-rc9',
25 silly addNameRange     '0.11.0-rc10',
25 silly addNameRange     '0.11.0',
25 silly addNameRange     '0.11.1' ] ]
26 verbose addNamed sails@0.11.0
27 silly addNamed semver.valid 0.11.0
28 silly addNamed semver.validRange 0.11.0
29 silly mapToRegistry name sails
30 silly mapToRegistry using default registry
31 silly mapToRegistry registry https://registry.npmjs.org/
32 silly mapToRegistry uri https://registry.npmjs.org/sails
33 verbose addRemoteTarball https://registry.npmjs.org/sails/-/sails-0.11.0.tgz not in flight; adding
34 verbose addRemoteTarball [ 'https://registry.npmjs.org/sails/-/sails-0.11.0.tgz',
34 verbose addRemoteTarball   '3c106b2a66f55c72ad31edaa1b83fdad78e4938c' ]
35 info retry fetch attempt 1 at 1:53:35 AM
36 info attempt registry request try #1 at 1:53:35 AM
37 http fetch GET https://registry.npmjs.org/sails/-/sails-0.11.0.tgz
38 http fetch 200 https://registry.npmjs.org/sails/-/sails-0.11.0.tgz
39 silly fetchAndShaCheck shasum 3c106b2a66f55c72ad31edaa1b83fdad78e4938c
40 verbose addTmpTarball /var/folders/_z/rd73jlhx6t7f9nff6h03d4hw0000gn/T/npm-1777-d73e02d7/registry.npmjs.org/sails/-/sails-0.11.0.tgz not in flight; adding
41 verbose addTmpTarball already have metadata; skipping unpack for sails@0.11.0
42 silly cache afterAdd sails@0.11.0
43 verbose afterAdd /Users/muhammadfazilqureshi/.npm/sails/0.11.0/package/package.json not in flight; writing
44 verbose afterAdd /Users/muhammadfazilqureshi/.npm/sails/0.11.0/package/package.json written
45 silly install resolved [ { name: 'sails',
45 silly install resolved     author: { name: 'Mike McNeil', email: '@mikermcneil' },
45 silly install resolved     version: '0.11.0',
45 silly install resolved     description: 'API-driven framework for building realtime apps, using MVC conventions (based on Express and Socket.io)',
45 silly install resolved     homepage: 'http://sailsjs.org',
45 silly install resolved     keywords:
45 silly install resolved      [ 'mvc',
45 silly install resolved        'web-framework',
45 silly install resolved        'express',
45 silly install resolved        'sails',
45 silly install resolved        'sailsjs',
45 silly install resolved        'sails.js',
45 silly install resolved        'REST',
45 silly install resolved        'API',
45 silly install resolved        'orm',
45 silly install resolved        'socket.io' ],
45 silly install resolved     main: './lib/index.js',
45 silly install resolved     bin: { sails: './bin/sails.js' },
45 silly install resolved     scripts:
45 silly install resolved      { test: 'mocha -b',
45 silly install resolved        prepublish: 'npm prune',
45 silly install resolved        preinstall: 'node ./lib/preinstall_npmcheck.js' },
45 silly install resolved     directories: { lib: 'lib' },
45 silly install resolved     dependencies:
45 silly install resolved      { anchor: '~0.10.0',
45 silly install resolved        async: '~0.9.0',
45 silly install resolved        'captains-log': '~0.11.8',
45 silly install resolved        colors: '~0.6.2',
45 silly install resolved        commander: '~2.1.0',
45 silly install resolved        'connect-flash': '~0.1.1',
45 silly install resolved        cookie: '0.1.2',
45 silly install resolved        'cookie-signature': '1.0.4',
45 silly install resolved        ejs: '~0.8.4',
45 silly install resolved        'ejs-locals': '~1.0.2',
45 silly install resolved        express: '3.16.0',
45 silly install resolved        'express-handlebars': '~1.0.1',
45 silly install resolved        'fs-extra': '~0.8.1',
45 silly install resolved        glob: '~3.2.9',
45 silly install resolved        grunt: '0.4.2',
45 silly install resolved        'grunt-cli': '~0.1.11',
45 silly install resolved        'grunt-contrib-clean': '~0.5.0',
45 silly install resolved        'grunt-contrib-coffee': '~0.10.1',
45 silly install resolved        'grunt-contrib-concat': '~0.3.0',
45 silly install resolved        'grunt-contrib-copy': '~0.5.0',
45 silly install resolved        'grunt-contrib-cssmin': '~0.9.0',
45 silly install resolved        'grunt-contrib-jst': '~0.6.0',
45 silly install resolved        'grunt-contrib-less': '0.11.1',
45 silly install resolved        'grunt-contrib-uglify': '~0.4.0',
45 silly install resolved        'grunt-contrib-watch': '~0.5.3',
45 silly install resolved        'grunt-sails-linker': '~0.9.5',
45 silly install resolved        'grunt-sync': '~0.0.4',
45 silly install resolved        i18n: '~0.5.0',
45 silly install resolved        'include-all': '~0.1.3',
45 silly install resolved        lodash: '~2.4.1',
45 silly install resolved        'merge-defaults': '~0.1.0',
45 silly install resolved        'method-override': '~2.3.0',
45 silly install resolved        'mock-req': '0.1.0',
45 silly install resolved        'mock-res': '0.1.0',
45 silly install resolved        'node-uuid': '~1.4.0',
45 silly install resolved        pluralize: '~0.0.5',
45 silly install resolved        prompt: '~0.2.13',
45 silly install resolved        rc: '~0.5.0',
45 silly install resolved        reportback: '~0.1.4',
45 silly install resolved        'sails-build-dictionary': '~0.10.1',
45 silly install resolved        'sails-disk': '~0.10.0',
45 silly install resolved        'sails-generate': '~0.12.0',
45 silly install resolved        'sails-hook-sockets': '^0.11.13',
45 silly install resolved        'sails-stringfile': '~0.3.0',
45 silly install resolved        'sails-util': '~0.10.3',
45 silly install resolved        semver: '~2.2.1',
45 silly install resolved        skipper: '~0.5.5',
45 silly install resolved        'uid-safe': '^1.0.1',
45 silly install resolved        waterline: '~0.10.17' },
45 silly install resolved     devDependencies:
45 silly install resolved      { 'root-require': '~0.2.0',
45 silly install resolved        checksum: '~0.1.1',
45 silly install resolved        request: '*',
45 silly install resolved        istanbul: '*',
45 silly install resolved        wrench: '~1.5.1',
45 silly install resolved        benchmark: '~1.0.0',
45 silly install resolved        microtime: '~0.6.0',
45 silly install resolved        colors: '~0.6.2',
45 silly install resolved        'expect.js': '~0.2.0',
45 silly install resolved        should: '~2.1.1',
45 silly install resolved        supertest: '~0.8.2',
45 silly install resolved        mocha: '~1.17.1',
45 silly install resolved        portfinder: '~0.2.1',
45 silly install resolved        'coffee-script': '~1.7.1',
45 silly install resolved        'socket.io-client': '^1.2.1' },
45 silly install resolved     repository: { type: 'git', url: 'git://github.com/balderdashy/sails.git' },
45 silly install resolved     licenses: [ [Object] ],
45 silly install resolved     bugs: { url: 'http://github.com/balderdashy/sails/issues' },
45 silly install resolved     engines: { node: '>= 0.10.0', npm: '>= 1.4.0' },
45 silly install resolved     _id: 'sails@0.11.0',
45 silly install resolved     dist:
45 silly install resolved      { shasum: '3c106b2a66f55c72ad31edaa1b83fdad78e4938c',
45 silly install resolved        tarball: 'http://registry.npmjs.org/sails/-/sails-0.11.0.tgz' },
45 silly install resolved     _from: 'sails@*',
45 silly install resolved     _npmVersion: '1.4.3',
45 silly install resolved     _npmUser: { name: 'mikermcneil', email: 'michael.r.mcneil@gmail.com' },
45 silly install resolved     maintainers: [ [Object], [Object], [Object], [Object] ],
45 silly install resolved     _shasum: '3c106b2a66f55c72ad31edaa1b83fdad78e4938c',
45 silly install resolved     _resolved: 'https://registry.npmjs.org/sails/-/sails-0.11.0.tgz' } ]
46 info install sails@0.11.0 into /usr/local/lib
47 info installOne sails@0.11.0
48 verbose installOne of sails to /usr/local/lib not in flight; installing
49 verbose lock using /Users/muhammadfazilqureshi/.npm/_locks/sails-a62a38f2429dd774.lock for /usr/local/lib/node_modules/sails
50 silly install write writing sails 0.11.0 to /usr/local/lib/node_modules/sails
51 silly cache addNamed cb sails@0.11.0
52 verbose unbuild lib/node_modules/sails
53 verbose gentlyRm vacuuming /usr/local/lib/node_modules/sails
54 verbose tar unpack /Users/muhammadfazilqureshi/.npm/sails/0.11.0/package.tgz
55 verbose tar unpacking to /usr/local/lib/node_modules/sails
56 verbose gentlyRm vacuuming /usr/local/lib/node_modules/sails
57 silly gunzTarPerm modes [ '755', '644' ]
58 error tar.unpack untar error /Users/muhammadfazilqureshi/.npm/sails/0.11.0/package.tgz
59 verbose unlock done using /Users/muhammadfazilqureshi/.npm/_locks/sails-a62a38f2429dd774.lock for /usr/local/lib/node_modules/sails
60 verbose fstream_path /usr/local/lib/node_modules/sails
61 verbose fstream_type Directory
62 verbose fstream_class DirWriter
63 verbose stack Error: EACCES, mkdir '/usr/local/lib/node_modules/sails'
63 verbose stack     at Error (native)
64 verbose fstream_stack /usr/local/lib/node_modules/npm/node_modules/fstream/lib/dir-writer.js:36:23
64 verbose fstream_stack /usr/local/lib/node_modules/npm/node_modules/mkdirp/index.js:46:53
64 verbose fstream_stack FSReqWrap.oncomplete (fs.js:99:15)
65 verbose cwd /Volumes/HD2/workspace/opensource/rest_api_marketplace
66 error Darwin 14.1.0
67 error argv "node" "/usr/local/bin/npm" "install" "sails" "-g"
68 error node v0.12.1
69 error npm  v2.5.1
70 error path /usr/local/lib/node_modules/sails
71 error code EACCES
72 error errno -13
73 error Error: EACCES, mkdir '/usr/local/lib/node_modules/sails'
73 error     at Error (native)
73 error  { [Error: EACCES, mkdir '/usr/local/lib/node_modules/sails']
73 error   errno: -13,
73 error   code: 'EACCES',
73 error   path: '/usr/local/lib/node_modules/sails',
73 error   fstream_type: 'Directory',
73 error   fstream_path: '/usr/local/lib/node_modules/sails',
73 error   fstream_class: 'DirWriter',
73 error   fstream_stack:
73 error    [ '/usr/local/lib/node_modules/npm/node_modules/fstream/lib/dir-writer.js:36:23',
73 error      '/usr/local/lib/node_modules/npm/node_modules/mkdirp/index.js:46:53',
73 error      'FSReqWrap.oncomplete (fs.js:99:15)' ] }
74 error Please try running this command again as root/Administrator.
75 verbose exit [ -13, true ]
76 verbose unbuild lib/node_modules/sails
77 verbose gentlyRm vacuuming /usr/local/lib/node_modules/sails
